\BOOKMARK [1][-]{section.1}{\376\377\000P\000D\000A\000G\000s}{}% 1
\BOOKMARK [1][-]{section.2}{\376\377\000M\000E\000C\000s}{}% 2
\BOOKMARK [1][-]{section.3}{\376\377\000A\000\040\000T\000r\000a\000n\000s\000f\000o\000r\000m\000a\000t\000i\000o\000n\000a\000l\000\040\000C\000h\000a\000r\000a\000c\000t\000e\000r\000i\000z\000a\000t\000i\000o\000n\000\040\000o\000f\000\040\000M\000E\000C\000s}{}% 3
\BOOKMARK [1][-]{section.4}{\376\377\000C\000h\000a\000r\000a\000c\000t\000e\000r\000i\000z\000a\000t\000i\000o\000n\000\040\000o\000f\000\040\000C\000P\000D\000A\000G\000s}{}% 4
\BOOKMARK [1][-]{section.5}{\376\377\000A\000l\000g\000o\000r\000i\000t\000h\000m\000:\000\040}{}% 5
\BOOKMARK [1][-]{section.6}{\376\377\000A\000l\000g\000o\000r\000i\000t\000h\000m\000:\000\040}{}% 6
\BOOKMARK [2][-]{subsection.6.1}{\376\377\000C\000o\000m\000p\000e\000l\000l\000e\000d\000\040\000a\000n\000d\000\040\000R\000e\000v\000e\000r\000s\000i\000b\000l\000e\000\040\000E\000d\000g\000e\000\040\000I\000n\000s\000e\000r\000t\000i\000o\000n\000s}{section.6}% 7
\BOOKMARK [2][-]{subsection.6.2}{\376\377\000T\000h\000e\000\040\000I\000n\000s\000e\000r\000t\000U\000\040\000O\000p\000e\000r\000a\000t\000o\000r}{section.6}% 8
\BOOKMARK [2][-]{subsection.6.3}{\376\377\000T\000h\000e\000\040\000D\000e\000l\000e\000t\000e\000U\000\040\000O\000p\000e\000r\000a\000t\000o\000r}{section.6}% 9
\BOOKMARK [2][-]{subsection.6.4}{\376\377\000T\000h\000e\000\040\000I\000n\000s\000e\000r\000t\000D\000\040\000O\000p\000e\000r\000a\000t\000o\000r}{section.6}% 10
\BOOKMARK [2][-]{subsection.6.5}{\376\377\000T\000h\000e\000\040\000D\000e\000l\000e\000t\000e\000D\000\040\000O\000p\000e\000r\000a\000t\000o\000r}{section.6}% 11
\BOOKMARK [2][-]{subsection.6.6}{\376\377\000T\000h\000e\000\040\000R\000e\000v\000e\000r\000s\000e\000D\000\040\000O\000p\000e\000r\000a\000t\000o\000r}{section.6}% 12
\BOOKMARK [2][-]{subsection.6.7}{\376\377\000T\000h\000e\000\040\000M\000a\000k\000e\000V\000\040\000O\000p\000e\000r\000a\000t\000o\000r}{section.6}% 13
\BOOKMARK [1][-]{section.7}{\376\377\000A\000l\000g\000o\000r\000i\000t\000h\000m\000:\000\040\000R\000e\000v\000e\000r\000s\000i\000b\000l\000e\000\040\000M\000C\000M\000C\000\040\000o\000n\000\040\000M\000E\000C\000s}{}% 14
\BOOKMARK [2][-]{subsection.7.1}{\376\377\000T\000h\000e\000\040\000I\000n\000s\000e\000r\000t\000U\000\040\000O\000p\000e\000r\000a\000t\000o\000r}{section.7}% 15
\BOOKMARK [2][-]{subsection.7.2}{\376\377\000T\000h\000e\000\040\000D\000e\000l\000e\000t\000e\000U\000\040\000O\000p\000e\000r\000a\000t\000o\000r}{section.7}% 16
\BOOKMARK [2][-]{subsection.7.3}{\376\377\000T\000h\000e\000\040\000I\000n\000s\000e\000r\000t\000D\000\040\000O\000p\000e\000r\000a\000t\000o\000r}{section.7}% 17
\BOOKMARK [2][-]{subsection.7.4}{\376\377\000T\000h\000e\000\040\000D\000e\000l\000e\000t\000e\000D\000\040\000O\000p\000e\000r\000a\000t\000o\000r}{section.7}% 18
\BOOKMARK [2][-]{subsection.7.5}{\376\377\000T\000h\000e\000\040\000R\000e\000m\000o\000v\000e\000V\000\040\000O\000p\000e\000r\000a\000t\000o\000r}{section.7}% 19
\BOOKMARK [1][-]{section.8}{\376\377\000C\000o\000u\000n\000t\000i\000n\000g\000\040\000S\000i\000z\000e\000s\000\040\000o\000f\000\040\000M\000E\000C\000s}{}% 20
\BOOKMARK [2][-]{subsection.8.1}{\376\377\000S\000i\000z\000e\000\040\000o\000f\000\040\000M\000E\000C\000\040\000D\000e\000t\000e\000r\000m\000i\000n\000e\000d\000\040\000b\000y\000\040\000t\000h\000e\000\040\000N\000u\000m\000b\000e\000r\000\040\000o\000f\000\040\000V\000e\000r\000t\000i\000c\000e\000s}{section.8}% 21
