\BOOKMARK [-1][-]{part.1}{\376\377\000I\000\040\000P\000r\000o\000b\000a\000b\000i\000l\000i\000t\000y}{}% 1
\BOOKMARK [0][-]{chapter.1}{\376\377\000I\000n\000d\000e\000p\000e\000n\000d\000e\000n\000c\000e}{part.1}% 2
\BOOKMARK [1][-]{section.1.1}{\376\377\000B\000a\000s\000i\000c\000\040\000D\000e\000f\000i\000n\000i\000t\000i\000o\000n\000s}{chapter.1}% 3
\BOOKMARK [1][-]{section.1.2}{\376\377\000S\000u\000f\000f\000i\000c\000i\000e\000n\000t\000\040\000C\000o\000n\000d\000i\000t\000i\000o\000n\000s\000\040\000f\000o\000r\000\040\000I\000n\000d\000e\000p\000e\000n\000d\000e\000n\000c\000e}{chapter.1}% 4
\BOOKMARK [0][-]{chapter.2}{\376\377\000L\000a\000w\000\040\000o\000f\000\040\000L\000a\000r\000g\000e\000\040\000N\000u\000m\000b\000e\000r\000s}{part.1}% 5
\BOOKMARK [1][-]{section.2.1}{\376\377\000S\000t\000o\000c\000h\000a\000s\000t\000i\000c\000\040\000O\000r\000d\000e\000r\000s}{chapter.2}% 6
\BOOKMARK [1][-]{section.2.2}{\376\377\000W\000L\000L\000N}{chapter.2}% 7
\BOOKMARK [1][-]{section.2.3}{\376\377\000B\000o\000r\000e\000l\000-\000C\000a\000n\000t\000e\000l\000l\000i\000\040\000L\000e\000m\000m\000a\000s}{chapter.2}% 8
\BOOKMARK [1][-]{section.2.4}{\376\377\000S\000L\000L\000N}{chapter.2}% 9
\BOOKMARK [1][-]{section.2.5}{\376\377\0000\000-\0001\000\040\000L\000a\000w\000s}{chapter.2}% 10
\BOOKMARK [1][-]{section.2.6}{\376\377\000C\000o\000n\000v\000e\000r\000g\000e\000n\000c\000e\000\040\000o\000f\000\040\000R\000a\000n\000d\000o\000m\000\040\000S\000e\000r\000i\000e\000s}{chapter.2}% 11
\BOOKMARK [1][-]{section.2.7}{\376\377\000L\000a\000r\000g\000e\000\040\000D\000e\000v\000i\000a\000t\000i\000o\000n\000s}{chapter.2}% 12
\BOOKMARK [0][-]{chapter.3}{\376\377\000C\000e\000n\000t\000r\000a\000l\000\040\000L\000i\000m\000i\000t\000\040\000T\000h\000e\000o\000r\000e\000m\000s}{part.1}% 13
\BOOKMARK [1][-]{section.3.1}{\376\377\000D\000i\000s\000t\000r\000i\000b\000u\000t\000i\000o\000n\000s}{chapter.3}% 14
\BOOKMARK [1][-]{section.3.2}{\376\377\000w\000e\000a\000k\000\040\000c\000o\000n\000v\000e\000r\000g\000e\000n\000c\000e}{chapter.3}% 15
\BOOKMARK [1][-]{section.3.3}{\376\377\000C\000h\000a\000r\000a\000c\000t\000e\000r\000i\000s\000t\000i\000c\000\040\000F\000u\000n\000c\000t\000i\000o\000n\000s}{chapter.3}% 16
\BOOKMARK [1][-]{section.3.4}{\376\377\000T\000h\000e\000\040\000M\000o\000m\000e\000n\000t\000\040\000P\000r\000o\000b\000l\000e\000m}{chapter.3}% 17
\BOOKMARK [1][-]{section.3.5}{\376\377\000C\000e\000n\000t\000r\000a\000l\000\040\000L\000i\000m\000i\000t\000\040\000T\000h\000e\000o\000r\000e\000m\000s}{chapter.3}% 18
\BOOKMARK [1][-]{section.3.6}{\376\377\000L\000o\000c\000a\000l\000\040\000L\000i\000m\000i\000t\000\040\000T\000h\000e\000o\000r\000e\000m\000s}{chapter.3}% 19
\BOOKMARK [1][-]{section.3.7}{\376\377\000P\000o\000i\000s\000s\000o\000n\000\040\000C\000o\000n\000v\000e\000r\000g\000e\000n\000c\000e}{chapter.3}% 20
\BOOKMARK [1][-]{section.3.8}{\376\377\000S\000t\000a\000b\000l\000e\000\040\000L\000a\000w\000s}{chapter.3}% 21
\BOOKMARK [1][-]{section.3.9}{\376\377\000I\000n\000f\000i\000n\000i\000t\000e\000l\000y\000\040\000D\000i\000v\000i\000s\000i\000b\000l\000e\000\040\000D\000i\000s\000t\000r\000i\000b\000u\000t\000i\000o\000n\000s}{chapter.3}% 22
\BOOKMARK [1][-]{section.3.10}{\376\377\000L\000i\000m\000i\000t\000\040\000T\000h\000e\000o\000r\000e\000m\000s\000\040\000i\000n\000\040\000R\000d}{chapter.3}% 23
\BOOKMARK [1][-]{section.3.11}{\376\377\000S\000t\000e\000i\000n\000'\000s\000\040\000m\000e\000t\000h\000o\000d}{chapter.3}% 24
\BOOKMARK [0][-]{chapter.4}{\376\377\000M\000a\000r\000t\000i\000n\000g\000a\000l\000e\000s}{part.1}% 25
\BOOKMARK [1][-]{section.4.1}{\376\377\000C\000o\000n\000d\000i\000t\000i\000o\000n\000a\000l\000\040\000E\000x\000p\000e\000c\000t\000a\000t\000i\000o\000n}{chapter.4}% 26
\BOOKMARK [1][-]{section.4.2}{\376\377\000M\000a\000r\000t\000i\000n\000g\000a\000l\000e\000s}{chapter.4}% 27
\BOOKMARK [1][-]{section.4.3}{\376\377\000S\000t\000o\000p\000p\000i\000n\000g\000\040\000T\000i\000m\000e\000s}{chapter.4}% 28
\BOOKMARK [1][-]{section.4.4}{\376\377\000A\000l\000m\000o\000s\000t\000\040\000S\000u\000r\000e\000\040\000C\000o\000n\000v\000e\000r\000g\000e\000n\000c\000e}{chapter.4}% 29
\BOOKMARK [1][-]{section.4.5}{\376\377\000C\000o\000n\000v\000e\000r\000g\000e\000n\000c\000e\000\040\000i\000n\000\040\000L\000p}{chapter.4}% 30
\BOOKMARK [1][-]{section.4.6}{\376\377\000S\000q\000u\000a\000r\000e\000\040\000I\000n\000t\000e\000g\000r\000a\000b\000l\000e\000\040\000M\000a\000r\000t\000i\000n\000g\000a\000l\000e\000s}{chapter.4}% 31
\BOOKMARK [1][-]{section.4.7}{\376\377\000C\000o\000n\000v\000e\000r\000g\000e\000n\000c\000e\000\040\000i\000n\000\040\000L\0001}{chapter.4}% 32
\BOOKMARK [1][-]{section.4.8}{\376\377\000B\000a\000c\000k\000w\000a\000r\000d\000s\000\040\000M\000a\000r\000t\000i\000n\000g\000a\000l\000e\000s}{chapter.4}% 33
\BOOKMARK [1][-]{section.4.9}{\376\377\000O\000p\000t\000i\000o\000n\000a\000l\000\040\000S\000t\000o\000p\000p\000i\000n\000g\000\040\000T\000h\000e\000o\000r\000e\000m\000s}{chapter.4}% 34
\BOOKMARK [0][-]{chapter.5}{\376\377\000H\000i\000g\000h\000\040\000D\000i\000m\000e\000n\000s\000i\000o\000n\000a\000l\000\040\000P\000r\000o\000b\000a\000b\000i\000l\000i\000t\000y}{part.1}% 35
\BOOKMARK [1][-]{section.5.1}{\376\377\000C\000o\000n\000c\000e\000n\000t\000r\000a\000t\000i\000o\000n\000\040\000w\000i\000t\000h\000\040\000I\000n\000d\000e\000p\000e\000n\000d\000e\000n\000c\000e}{chapter.5}% 36
\BOOKMARK [1][-]{section.5.2}{\376\377\000C\000o\000n\000c\000e\000n\000t\000r\000a\000t\000i\000o\000n\000\040\000w\000i\000t\000h\000o\000u\000t\000\040\000I\000n\000d\000e\000p\000e\000n\000d\000e\000n\000c\000e}{chapter.5}% 37
\BOOKMARK [1][-]{section.5.3}{\376\377\000K\000e\000r\000n\000e\000l\000\040\000T\000r\000i\000c\000k}{chapter.5}% 38
\BOOKMARK [1][-]{section.5.4}{\376\377\000D\000e\000c\000o\000u\000p\000l\000i\000n\000g}{chapter.5}% 39
\BOOKMARK [1][-]{section.5.5}{\376\377\000S\000y\000m\000m\000e\000t\000r\000i\000z\000a\000t\000i\000o\000n}{chapter.5}% 40
\BOOKMARK [1][-]{section.5.6}{\376\377\000C\000h\000a\000i\000n\000i\000n\000g}{chapter.5}% 41
\BOOKMARK [0][-]{chapter.6}{\376\377\000T\000h\000e\000\040\000P\000r\000o\000b\000a\000b\000i\000l\000i\000s\000t\000i\000c\000\040\000M\000e\000t\000h\000o\000d}{part.1}% 42
\BOOKMARK [1][-]{section.6.1}{\376\377\000T\000h\000e\000\040\000M\000e\000t\000h\000o\000d}{chapter.6}% 43
\BOOKMARK [1][-]{section.6.2}{\376\377\0001\0002\0003\000\040\000T\000h\000e\000o\000r\000e\000m}{chapter.6}% 44
\BOOKMARK [1][-]{section.6.3}{\376\377\000T\000h\000e\000\040\000L\000o\000c\000a\000l\000\040\000L\000e\000m\000m\000a}{chapter.6}% 45
\BOOKMARK [1][-]{section.6.4}{\376\377\000C\000o\000r\000r\000e\000l\000a\000t\000i\000o\000n\000\040\000I\000n\000e\000q\000u\000a\000l\000i\000t\000i\000e\000s}{chapter.6}% 46
\BOOKMARK [0][-]{chapter.7}{\376\377\000R\000a\000n\000d\000o\000m\000\040\000M\000a\000t\000r\000i\000c\000e\000s}{part.1}% 47
\BOOKMARK [-1][-]{part.2}{\376\377\000I\000I\000\040\000S\000t\000o\000c\000h\000a\000s\000t\000i\000c\000\040\000P\000r\000o\000c\000e\000s\000s}{}% 48
\BOOKMARK [0][-]{chapter.8}{\376\377\000D\000i\000s\000c\000r\000e\000t\000e\000\040\000S\000p\000a\000c\000e\000\040\000D\000i\000s\000c\000r\000e\000t\000e\000\040\000T\000i\000m\000e\000\040\000M\000a\000r\000k\000o\000v\000\040\000C\000h\000a\000i\000n}{part.2}% 49
\BOOKMARK [1][-]{section.8.1}{\376\377\000B\000a\000s\000i\000c\000\040\000T\000h\000e\000o\000r\000y}{chapter.8}% 50
\BOOKMARK [1][-]{section.8.2}{\376\377\000R\000e\000c\000u\000r\000r\000e\000n\000c\000e\000\040\000a\000n\000d\000\040\000T\000r\000a\000n\000s\000i\000e\000n\000c\000e}{chapter.8}% 51
\BOOKMARK [1][-]{section.8.3}{\376\377\000I\000n\000v\000a\000r\000i\000a\000n\000t\000\040\000M\000e\000a\000s\000u\000r\000e\000s}{chapter.8}% 52
\BOOKMARK [1][-]{section.8.4}{\376\377\000E\000r\000g\000o\000d\000i\000c\000\040\000T\000h\000e\000o\000r\000e\000m\000s}{chapter.8}% 53
\BOOKMARK [1][-]{section.8.5}{\376\377\000I\000n\000t\000r\000o\000d\000u\000c\000t\000i\000o\000n\000\040\000t\000o\000\040\000M\000a\000r\000k\000o\000v\000\040\000C\000h\000a\000i\000n\000\040\000M\000i\000x\000i\000n\000g}{chapter.8}% 54
\BOOKMARK [1][-]{section.8.6}{\376\377\000I\000n\000t\000r\000o\000d\000u\000c\000t\000i\000o\000n\000\040\000t\000o\000\040\000M\000a\000r\000k\000o\000v\000\040\000R\000a\000n\000d\000o\000m\000\040\000F\000i\000e\000l\000d\000s}{chapter.8}% 55
\BOOKMARK [2][-]{subsection.8.6.1}{\376\377\000B\000a\000s\000i\000c\000s}{section.8.6}% 56
\BOOKMARK [2][-]{subsection.8.6.2}{\376\377\000C\000o\000l\000o\000r\000i\000n\000g}{section.8.6}% 57
\BOOKMARK [2][-]{subsection.8.6.3}{\376\377\0001\000D\000\040\000I\000s\000i\000n\000g\000\040\000M\000o\000d\000e\000l\000\040\000w\000i\000t\000h\000o\000u\000t\000\040\000M\000a\000g\000n\000e\000t\000i\000c\000\040\000F\000i\000e\000l\000d}{section.8.6}% 58
\BOOKMARK [2][-]{subsection.8.6.4}{\376\377\0001\000D\000\040\000I\000s\000i\000n\000g\000\040\000M\000o\000d\000e\000l\000\040\000w\000i\000t\000h\000\040\000M\000a\000g\000n\000e\000t\000i\000c\000\040\000F\000i\000e\000l\000d}{section.8.6}% 59
\BOOKMARK [2][-]{subsection.8.6.5}{\376\377\0002\000D\000\040\000I\000s\000i\000n\000g\000\040\000M\000o\000d\000e\000l\000:\000\040\000P\000e\000i\000r\000l\000s\000\040\000P\000r\000o\000o\000f}{section.8.6}% 60
\BOOKMARK [1][-]{section.8.7}{\376\377\000E\000l\000e\000c\000t\000r\000i\000c\000a\000l\000\040\000N\000e\000t\000w\000o\000r\000k\000s}{chapter.8}% 61
\BOOKMARK [2][-]{subsection.8.7.1}{\376\377\000T\000h\000e\000\040\000C\000o\000r\000r\000e\000s\000p\000o\000n\000d\000e\000n\000c\000e}{section.8.7}% 62
\BOOKMARK [2][-]{subsection.8.7.2}{\376\377\000R\000a\000n\000d\000o\000m\000\040\000W\000a\000l\000k\000s}{section.8.7}% 63
\BOOKMARK [1][-]{section.8.8}{\376\377\000I\000n\000t\000r\000o\000d\000u\000c\000t\000i\000o\000n\000\040\000t\000o\000\040\000R\000a\000n\000d\000o\000m\000\040\000W\000a\000l\000k\000s}{chapter.8}% 64
\BOOKMARK [2][-]{subsection.8.8.1}{\376\377\0001\000D\000\040\000S\000i\000m\000p\000l\000e\000\040\000R\000a\000n\000d\000o\000m\000\040\000W\000a\000l\000k}{section.8.8}% 65
\BOOKMARK [2][-]{subsection.8.8.2}{\376\377\000L\000a\000m\000p\000l\000i\000g\000h\000t\000e\000r}{section.8.8}% 66
\BOOKMARK [1][-]{section.8.9}{\376\377\000I\000n\000t\000r\000o\000d\000u\000c\000t\000i\000o\000n\000\040\000t\000o\000\040\000B\000r\000a\000n\000c\000h\000i\000n\000g\000\040\000P\000r\000o\000c\000e\000s\000s}{chapter.8}% 67
\BOOKMARK [2][-]{subsection.8.9.1}{\376\377\000G\000a\000l\000t\000o\000n\000-\000W\000a\000t\000s\000o\000n\000\040\000P\000r\000o\000c\000e\000s\000s}{section.8.9}% 68
\BOOKMARK [2][-]{subsection.8.9.2}{\376\377\000B\000i\000a\000s\000e\000d\000\040\000R\000a\000n\000d\000o\000m\000\040\000W\000a\000l\000k\000\040\000o\000n\000\040\000a\000\040\000G\000a\000l\000t\000o\000n\000-\000W\000a\000t\000s\000o\000n\000\040\000T\000r\000e\000e}{section.8.9}% 69
\BOOKMARK [0][-]{chapter.9}{\376\377\000M\000e\000a\000s\000u\000r\000a\000b\000l\000e\000\040\000S\000p\000a\000c\000e\000\040\000D\000i\000s\000c\000r\000e\000t\000e\000\040\000T\000i\000m\000e\000\040\000M\000a\000r\000k\000o\000v\000\040\000C\000h\000a\000i\000n}{part.2}% 70
\BOOKMARK [0][-]{chapter.10}{\376\377\000J\000u\000m\000p\000\040\000P\000r\000o\000c\000e\000s\000s}{part.2}% 71
\BOOKMARK [1][-]{subsection.10.0.1}{\376\377\000R\000e\000v\000i\000e\000w\000:\000\040\000P\000r\000o\000p\000e\000r\000t\000i\000e\000s\000\040\000o\000f\000\040\000E\000x\000p\000o\000n\000e\000n\000t\000i\000a\000l\000\040\000D\000i\000s\000t\000r\000i\000b\000u\000t\000i\000o\000n}{chapter.10}% 72
\BOOKMARK [2][-]{subsection.10.0.2}{\376\377\000P\000o\000i\000s\000s\000o\000n\000\040\000P\000r\000o\000c\000e\000s\000s}{subsection.10.0.1}% 73
\BOOKMARK [0][-]{chapter.11}{\376\377\000B\000r\000o\000w\000n\000i\000a\000n\000\040\000M\000o\000t\000i\000o\000n}{part.2}% 74
\BOOKMARK [1][-]{section.11.1}{\376\377\000C\000o\000n\000s\000t\000r\000u\000c\000t\000i\000o\000n}{chapter.11}% 75
\BOOKMARK [1][-]{section.11.2}{\376\377\000S\000a\000m\000p\000l\000e\000\040\000P\000a\000t\000h\000\040\000P\000r\000o\000p\000e\000r\000t\000i\000e\000s}{chapter.11}% 76
\BOOKMARK [1][-]{section.11.3}{\376\377\000B\000r\000o\000w\000n\000i\000a\000n\000\040\000L\000o\000c\000a\000l\000\040\000T\000i\000m\000e}{chapter.11}% 77
\BOOKMARK [0][-]{chapter.12}{\376\377\000S\000t\000o\000c\000h\000a\000s\000t\000i\000c\000\040\000C\000a\000l\000c\000u\000l\000u\000s}{part.2}% 78
\BOOKMARK [1][-]{section.12.1}{\376\377\000C\000o\000n\000t\000i\000n\000u\000o\000u\000s\000\040\000T\000i\000m\000e\000\040\000M\000a\000r\000t\000i\000n\000g\000a\000l\000e}{chapter.12}% 79
\BOOKMARK [2][-]{subsection.12.1.1}{\376\377\000S\000t\000o\000p\000p\000i\000n\000g\000\040\000T\000i\000m\000e\000s}{section.12.1}% 80
\BOOKMARK [2][-]{subsection.12.1.2}{\376\377\000F\000r\000o\000m\000\040\000D\000i\000s\000c\000r\000e\000t\000e\000\040\000t\000o\000\040\000C\000o\000n\000t\000i\000n\000u\000o\000u\000s}{section.12.1}% 81
\BOOKMARK [2][-]{subsection.12.1.3}{\376\377\000D\000o\000o\000b\000-\000M\000e\000y\000e\000r\000\040\000D\000e\000c\000o\000m\000p\000o\000s\000i\000t\000i\000o\000n}{section.12.1}% 82
\BOOKMARK [2][-]{subsection.12.1.4}{\376\377\000S\000q\000u\000a\000r\000e\000\040\000I\000n\000t\000e\000g\000r\000a\000b\000l\000e\000\040\000M\000a\000r\000t\000i\000n\000g\000a\000l\000e\000s}{section.12.1}% 83
\BOOKMARK [1][-]{section.12.2}{\376\377\000S\000t\000o\000c\000h\000a\000s\000t\000i\000c\000\040\000I\000n\000t\000e\000g\000r\000a\000t\000i\000o\000n}{chapter.12}% 84
\BOOKMARK [2][-]{subsection.12.2.1}{}{section.12.2}% 85
\BOOKMARK [2][-]{subsection.12.2.2}{\376\377\000M\000a\000r\000t\000i\000n\000g\000a\000l\000e\000\040\000C\000h\000a\000r\000a\000c\000t\000e\000r\000i\000z\000a\000t\000i\000o\000n\000\040\000o\000f\000\040\000B\000M}{section.12.2}% 86
\BOOKMARK [2][-]{subsection.12.2.3}{\376\377\000R\000e\000p\000r\000e\000s\000e\000n\000t\000a\000t\000i\000o\000n\000s\000\040\000o\000f\000\040\000M\000a\000r\000t\000i\000n\000g\000a\000l\000e\000s\000\040\000b\000y\000\040\000B\000M}{section.12.2}% 87
\BOOKMARK [2][-]{subsection.12.2.4}{\376\377\000T\000h\000e\000\040\000G\000i\000r\000s\000a\000n\000o\000v\000\040\000T\000h\000e\000o\000r\000e\000m}{section.12.2}% 88
\BOOKMARK [1][-]{section.12.3}{\376\377\000T\000h\000e\000\040\000P\000D\000E\000\040\000C\000o\000n\000n\000e\000c\000t\000i\000o\000n}{chapter.12}% 89
\BOOKMARK [1][-]{section.12.4}{\376\377\000S\000t\000o\000c\000h\000a\000s\000t\000i\000c\000\040\000D\000i\000f\000f\000e\000r\000e\000n\000t\000i\000a\000l\000\040\000E\000q\000u\000a\000t\000i\000o\000n\000s}{chapter.12}% 90
\BOOKMARK [0][-]{chapter.13}{\376\377\000M\000a\000r\000k\000o\000v\000\040\000S\000e\000m\000i\000g\000r\000o\000u\000p\000\040\000T\000h\000e\000o\000r\000y}{part.2}% 91
\BOOKMARK [1][-]{section.13.1}{\376\377\000D\000i\000f\000f\000u\000s\000i\000o\000n\000s}{chapter.13}% 92
\BOOKMARK [2][-]{subsection.13.1.1}{\376\377\000K\000o\000l\000m\000o\000g\000o\000r\000o\000v\000'\000s\000\040\000T\000h\000e\000o\000r\000y\000?\000?\000?}{section.13.1}% 93
\BOOKMARK [2][-]{subsection.13.1.2}{\376\377\000I\000t\000o\000'\000s\000\040\000t\000h\000e\000o\000r\000y\000?\000?\000?}{section.13.1}% 94
