\BOOKMARK [1][-]{section.0.1}{\376\377\000P\000r\000o\000l\000o\000g\000u\000e}{}% 1
\BOOKMARK [0][-]{chapter.1}{\376\377\000B\000a\000s\000i\000c\000\040\000T\000o\000p\000o\000l\000o\000g\000y}{}% 2
\BOOKMARK [1][-]{section.1.1}{\376\377\000B\000a\000s\000i\000c\000\040\000T\000o\000p\000o\000l\000o\000g\000y}{chapter.1}% 3
\BOOKMARK [2][-]{subsection.1.1.1}{\376\377\000D\000e\000f\000i\000n\000i\000t\000i\000o\000n\000s\000\040\000o\000f\000\040\000T\000o\000p\000o\000l\000o\000g\000y}{section.1.1}% 4
\BOOKMARK [2][-]{subsection.1.1.2}{\376\377\000C\000o\000m\000p\000a\000r\000i\000n\000g\000\040\000D\000i\000f\000f\000e\000r\000e\000n\000t\000\040\000T\000o\000p\000o\000l\000o\000g\000i\000e\000s}{section.1.1}% 5
\BOOKMARK [2][-]{subsection.1.1.3}{\376\377\000C\000o\000n\000v\000e\000r\000g\000e\000n\000c\000e\000\040\000a\000n\000d\000\040\000C\000o\000n\000t\000i\000n\000u\000i\000t\000y}{section.1.1}% 6
\BOOKMARK [2][-]{subsection.1.1.4}{\376\377\000T\000o\000p\000o\000l\000o\000g\000i\000c\000a\000l\000\040\000B\000a\000s\000i\000s}{section.1.1}% 7
\BOOKMARK [2][-]{subsection.1.1.5}{\376\377\000C\000o\000n\000s\000t\000r\000u\000c\000t\000i\000n\000g\000\040\000N\000e\000w\000\040}{section.1.1}% 8
\BOOKMARK [2][-]{subsection.1.1.6}{\376\377\000E\000x\000a\000m\000p\000l\000e\000:\000\040\000T\000o\000p\000o\000l\000o\000g\000i\000e\000s\000\040\000o\000n\000\040\000M\000a\000p\000p\000i\000n\000g\000s}{section.1.1}% 9
\BOOKMARK [2][-]{subsection.1.1.7}{\376\377\000S\000e\000t\000s\000\040\000i\000n\000\040\000T\000o\000p\000o\000l\000o\000g\000i\000c\000a\000l\000\040\000S\000p\000a\000c\000e}{section.1.1}% 10
\BOOKMARK [1][-]{section.1.2}{\376\377\000C\000o\000m\000p\000a\000c\000t\000n\000e\000s\000s}{chapter.1}% 11
\BOOKMARK [2][-]{subsection.1.2.1}{\376\377\000P\000r\000o\000d\000u\000c\000t\000\040\000o\000f\000\040\000C\000o\000m\000p\000a\000c\000t\000\040\000S\000p\000a\000c\000e\000s\000:\000\040\000T\000y\000c\000h\000o\000n\000o\000f\000f\000\040\000T\000h\000e\000o\000r\000e\000m}{section.1.2}% 12
\BOOKMARK [2][-]{subsection.1.2.2}{\376\377\000E\000x\000a\000m\000p\000l\000e\000:\000\040\000M\000e\000t\000r\000i\000c\000\040\000S\000p\000a\000c\000e\000s}{section.1.2}% 13
\BOOKMARK [2][-]{subsection.1.2.3}{\376\377\000E\000x\000a\000m\000p\000l\000e\000:\000\040\000T\000o\000p\000o\000l\000o\000g\000i\000e\000s\000\040\000o\000n\000\040\000M\000a\000p\000p\000i\000n\000g\000s}{section.1.2}% 14
\BOOKMARK [2][-]{subsection.1.2.4}{\376\377\000A\000p\000p\000l\000i\000c\000a\000t\000i\000o\000n\000:\000\040\000S\000t\000o\000n\000e\000-\000W\000e\000i\000e\000r\000s\000t\000r\000a\000s\000s\000\040\000T\000h\000e\000o\000r\000e\000m}{section.1.2}% 15
\BOOKMARK [1][-]{section.1.3}{\376\377\000C\000o\000u\000n\000t\000a\000b\000i\000l\000i\000t\000y\000\040\000A\000x\000i\000o\000m\000s}{chapter.1}% 16
\BOOKMARK [1][-]{section.1.4}{\376\377\000S\000e\000p\000a\000r\000a\000t\000i\000o\000n\000\040\000A\000x\000i\000o\000m\000s}{chapter.1}% 17
\BOOKMARK [2][-]{subsection.1.4.1}{\376\377\000U\000r\000y\000s\000o\000h\000n\000\040\000M\000e\000t\000r\000i\000z\000a\000t\000i\000o\000n}{section.1.4}% 18
\BOOKMARK [1][-]{section.1.5}{\376\377\000C\000o\000n\000n\000e\000c\000t\000e\000d\000n\000e\000s\000s}{chapter.1}% 19
\BOOKMARK [0][-]{chapter.2}{\376\377\000B\000a\000n\000a\000c\000h\000\040\000S\000p\000a\000c\000e\000s\000\040\000I}{}% 20
\BOOKMARK [1][-]{section.2.1}{\376\377\000B\000a\000s\000i\000c\000\040\000D\000e\000f\000i\000n\000i\000t\000i\000o\000n\000s\000\040\000a\000n\000d\000\040\000E\000x\000a\000m\000p\000l\000e\000s}{chapter.2}% 21
\BOOKMARK [1][-]{section.2.2}{\376\377\000L\000i\000n\000e\000a\000r\000\040\000O\000p\000e\000r\000a\000t\000o\000r\000s\000\040\000o\000n\000\040\000N\000o\000r\000m\000e\000d\000\040\000S\000p\000a\000c\000e\000s}{chapter.2}% 22
\BOOKMARK [1][-]{section.2.3}{\376\377\000F\000i\000n\000i\000t\000e\000\040\000D\000i\000m\000e\000n\000s\000i\000o\000n\000a\000l\000\040\000N\000o\000r\000m\000e\000d\000\040\000S\000p\000a\000c\000e\000s}{chapter.2}% 23
\BOOKMARK [1][-]{section.2.4}{\376\377\000Q\000u\000o\000t\000i\000e\000n\000t\000s\000\040\000a\000n\000d\000\040\000P\000r\000o\000d\000u\000c\000t\000s\000\040\000o\000f\000\040\000N\000o\000r\000m\000e\000d\000\040\000S\000p\000a\000c\000e\000s}{chapter.2}% 24
\BOOKMARK [1][-]{section.2.5}{\376\377\000T\000h\000e\000\040\000H\000a\000h\000n\000-\000B\000a\000n\000a\000c\000h\000\040\000T\000h\000e\000o\000r\000e\000m}{chapter.2}% 25
\BOOKMARK [1][-]{section.2.6}{\376\377\000T\000h\000e\000\040\000O\000p\000e\000n\000i\000n\000g\000\040\000M\000a\000p\000p\000i\000n\000g\000\040\000T\000h\000e\000o\000r\000e\000m}{chapter.2}% 26
\BOOKMARK [1][-]{section.2.7}{\376\377\000T\000h\000e\000\040\000P\000r\000i\000n\000c\000i\000p\000l\000e\000\040\000o\000f\000\040\000U\000n\000i\000f\000o\000r\000m\000\040\000B\000o\000u\000n\000d\000n\000e\000s\000s}{chapter.2}% 27
\BOOKMARK [1][-]{section.2.8}{\376\377\000w\000e\000a\000k\000\040\000a\000n\000d\000\040\000w\000e\000a\000k\000*}{chapter.2}% 28
\BOOKMARK [1][-]{section.2.9}{\376\377\000T\000h\000e\000\040\000A\000d\000j\000o\000i\000n\000t\000\040\000o\000f\000\040\000a\000\040\000L\000i\000n\000e\000a\000r\000\040\000O\000p\000e\000r\000a\000t\000o\000r}{chapter.2}% 29
\BOOKMARK [1][-]{section.2.10}{\376\377\000T\000h\000e\000\040\000B\000a\000n\000a\000c\000h\000-\000S\000t\000o\000n\000e\000\040\000T\000h\000e\000o\000r\000e\000m}{chapter.2}% 30
\BOOKMARK [1][-]{section.2.11}{\376\377\000C\000o\000m\000p\000a\000c\000t\000\040\000O\000p\000e\000r\000a\000t\000o\000r\000s}{chapter.2}% 31
\BOOKMARK [0][-]{chapter.3}{\376\377\000H\000i\000l\000b\000e\000r\000t\000\040\000S\000p\000a\000c\000e\000s}{}% 32
\BOOKMARK [1][-]{section.3.1}{\376\377\000E\000l\000e\000m\000e\000n\000t\000a\000r\000y\000\040\000P\000r\000o\000p\000e\000r\000t\000i\000e\000s\000\040\000a\000n\000d\000\040\000E\000x\000a\000m\000p\000l\000e\000s}{chapter.3}% 33
\BOOKMARK [1][-]{section.3.2}{\376\377\000T\000h\000e\000\040\000R\000i\000e\000s\000z\000\040\000R\000e\000p\000r\000e\000s\000e\000n\000t\000a\000t\000i\000o\000n\000\040\000T\000h\000e\000o\000r\000e\000m}{chapter.3}% 34
\BOOKMARK [1][-]{section.3.3}{\376\377\000O\000r\000t\000h\000o\000g\000o\000n\000a\000l\000i\000t\000y}{chapter.3}% 35
\BOOKMARK [1][-]{section.3.4}{\376\377\000I\000s\000o\000m\000o\000r\000p\000h\000i\000s\000m\000s}{chapter.3}% 36
\BOOKMARK [1][-]{section.3.5}{\376\377\000D\000i\000r\000e\000c\000t\000\040\000S\000u\000m}{chapter.3}% 37
\BOOKMARK [1][-]{section.3.6}{\376\377\000O\000p\000e\000r\000a\000t\000o\000r\000s}{chapter.3}% 38
\BOOKMARK [1][-]{section.3.7}{\376\377\000T\000h\000e\000\040\000A\000d\000j\000o\000i\000n\000t\000\040\000o\000f\000\040\000a\000n\000\040\000O\000p\000e\000r\000a\000t\000o\000r}{chapter.3}% 39
\BOOKMARK [1][-]{section.3.8}{\376\377\000P\000r\000o\000j\000e\000c\000t\000i\000o\000n\000s\000\040\000a\000n\000d\000\040\000I\000d\000e\000m\000p\000o\000t\000e\000n\000t\000s}{chapter.3}% 40
\BOOKMARK [1][-]{section.3.9}{\376\377\000C\000o\000m\000p\000a\000c\000t\000\040\000O\000p\000e\000r\000a\000t\000o\000r\000s}{chapter.3}% 41
\BOOKMARK [1][-]{section.3.10}{\376\377\000D\000i\000s\000c\000u\000s\000s\000i\000o\000n}{chapter.3}% 42
\BOOKMARK [0][-]{chapter.4}{\376\377\000D\000i\000s\000t\000r\000i\000b\000u\000t\000i\000o\000n\000s}{}% 43
\BOOKMARK [1][-]{section.4.1}{\376\377\000S\000p\000a\000c\000e\000\040\000o\000f\000\040\000T\000e\000s\000t\000\040\000F\000u\000n\000c\000t\000i\000o\000n\000s}{chapter.4}% 44
\BOOKMARK [1][-]{section.4.2}{\376\377\000D\000e\000f\000i\000n\000i\000t\000i\000o\000n\000\040\000o\000f\000\040\000D\000i\000s\000t\000r\000i\000b\000u\000t\000i\000o\000n\000s}{chapter.4}% 45
\BOOKMARK [1][-]{section.4.3}{\376\377\000L\000o\000c\000a\000l\000i\000z\000a\000t\000i\000o\000n\000\040\000o\000f\000\040\000D\000i\000s\000t\000r\000i\000b\000u\000t\000i\000o\000n\000s}{chapter.4}% 46
\BOOKMARK [1][-]{section.4.4}{\376\377\000T\000e\000m\000p\000e\000r\000e\000d\000\040\000D\000i\000s\000t\000r\000i\000b\000u\000t\000i\000o\000n\000s\000\040\000a\000n\000d\000\040\000t\000h\000e\000\040\000F\000o\000u\000r\000i\000e\000r\000\040\000T\000r\000a\000n\000s\000f\000o\000r\000m}{chapter.4}% 47
\BOOKMARK [0][-]{chapter.5}{\376\377\000S\000o\000b\000o\000l\000e\000v\000\040\000S\000p\000a\000c\000e\000s}{}% 48
\BOOKMARK [1][-]{section.5.1}{\376\377\000H\000\366\000l\000d\000e\000r\000\040\000S\000p\000a\000c\000e\000s}{chapter.5}% 49
\BOOKMARK [1][-]{section.5.2}{\376\377\000S\000o\000b\000o\000l\000e\000v\000\040\000S\000p\000a\000c\000e\000s}{chapter.5}% 50
\BOOKMARK [2][-]{subsection.5.2.1}{\376\377\000W\000e\000a\000k\000\040\000D\000e\000r\000i\000v\000a\000t\000i\000v\000e\000s}{section.5.2}% 51
\BOOKMARK [2][-]{subsection.5.2.2}{\376\377\000D\000e\000f\000i\000n\000i\000t\000i\000o\000n\000\040\000o\000f\000\040\000S\000o\000b\000o\000l\000e\000v\000\040\000S\000p\000a\000c\000e\000s}{section.5.2}% 52
\BOOKMARK [2][-]{subsection.5.2.3}{\376\377\000P\000r\000o\000p\000e\000r\000t\000i\000e\000s}{section.5.2}% 53
\BOOKMARK [1][-]{section.5.3}{\376\377\000A\000p\000p\000r\000o\000x\000i\000m\000a\000t\000i\000o\000n}{chapter.5}% 54
\BOOKMARK [1][-]{section.5.4}{\376\377\000E\000x\000t\000e\000n\000s\000i\000o\000n\000s}{chapter.5}% 55
\BOOKMARK [1][-]{section.5.5}{\376\377\000T\000r\000a\000c\000e\000s}{chapter.5}% 56
\BOOKMARK [1][-]{section.5.6}{\376\377\000C\000o\000m\000p\000a\000c\000t\000n\000e\000s\000s}{chapter.5}% 57
\BOOKMARK [1][-]{section.5.7}{\376\377\000S\000o\000b\000o\000l\000e\000v\000\040\000I\000n\000e\000q\000u\000a\000l\000i\000t\000i\000e\000s}{chapter.5}% 58
\BOOKMARK [2][-]{subsection.5.7.1}{\376\377\0001\000<\000=\000p\000<\000n}{section.5.7}% 59
\BOOKMARK [2][-]{subsection.5.7.2}{\376\377\000n\000<\000p}{section.5.7}% 60
\BOOKMARK [2][-]{subsection.5.7.3}{\376\377\000p\000=\000n}{section.5.7}% 61
\BOOKMARK [2][-]{subsection.5.7.4}{\376\377\000G\000e\000n\000e\000r\000a\000l\000\040\000S\000o\000b\000o\000l\000e\000v\000\040\000i\000n\000e\000q\000u\000a\000l\000i\000t\000i\000e\000s}{section.5.7}% 62
\BOOKMARK [1][-]{section.5.8}{\376\377\000P\000o\000i\000n\000c\000a\000r\000e\000'\000s\000\040\000i\000n\000e\000q\000u\000a\000l\000i\000t\000i\000e\000s}{chapter.5}% 63
\BOOKMARK [1][-]{section.5.9}{\376\377\000F\000o\000u\000r\000i\000e\000r\000\040\000T\000r\000a\000n\000s\000f\000o\000r\000m}{chapter.5}% 64
\BOOKMARK [1][-]{section.5.10}{\376\377\000T\000h\000e\000\040\000S\000p\000a\000c\000e\000\040\000H\000-\0001}{chapter.5}% 65
\BOOKMARK [1][-]{section.5.11}{\376\377\000D\000i\000s\000c\000u\000s\000s\000i\000o\000n}{chapter.5}% 66
